# JRE version: Java(TM) SE Runtime Environment (8.0_25-b18) (build 1.8.0_25-b18)
# Java VM: Java HotSpot(TM) 64-Bit Server VM (25.25-b02 mixed mode windows-amd64 compressed oops)
Heap:
 PSYoungGen      total 275456K, used 55287K [0x00000000eab00000, 0x00000000fcf00000, 0x0000000100000000)
  eden space 252928K, 21% used [0x00000000eab00000,0x00000000ee0fde08,0x00000000fa200000)
  from space 22528K, 0% used [0x00000000fb900000,0x00000000fb900000,0x00000000fcf00000)
  to   space 23040K, 0% used [0x00000000fa200000,0x00000000fa200000,0x00000000fb880000)
 ParOldGen       total 82432K, used 43647K [0x00000000c0000000, 0x00000000c5080000, 0x00000000eab00000)
  object space 82432K, 52% used [0x00000000c0000000,0x00000000c2a9fe80,0x00000000c5080000)
 Metaspace       used 53915K, capacity 56304K, committed 56576K, reserved 1097728K
  class space    used 7091K, capacity 7500K, committed 7680K, reserved 1048576K
GC Heap History (10 events):
Event: 1998.111 GC heap before
{Heap before GC invocations=20 (full 6):
 PSYoungGen      total 276480K, used 1631K [0x00000000eab00000, 0x00000000fd000000, 0x0000000100000000)
  eden space 252928K, 0% used [0x00000000eab00000,0x00000000eab00000,0x00000000fa200000)
  from space 23552K, 6% used [0x00000000fb900000,0x00000000fba97c50,0x00000000fd000000)
  to   space 23552K, 0% used [0x00000000fa200000,0x00000000fa200000,0x00000000fb900000)
 ParOldGen       total 82432K, used 42678K [0x00000000c0000000, 0x00000000c5080000, 0x00000000eab00000)
  object space 82432K, 51% used [0x00000000c0000000,0x00000000c29ad9b0,0x00000000c5080000)
 Metaspace       used 53042K, capacity 54966K, committed 56064K, reserved 1097728K
  class space    used 7016K, capacity 7350K, committed 7680K, reserved 1048576K
Event: 1998.384 GC heap after
Heap after GC invocations=20 (full 6):
 PSYoungGen      total 276480K, used 0K [0x00000000eab00000, 0x00000000fd000000, 0x0000000100000000)
  eden space 252928K, 0% used [0x00000000eab00000,0x00000000eab00000,0x00000000fa200000)
  from space 23552K, 0% used [0x00000000fb900000,0x00000000fb900000,0x00000000fd000000)
  to   space 23552K, 0% used [0x00000000fa200000,0x00000000fa200000,0x00000000fb900000)
 ParOldGen       total 82432K, used 43316K [0x00000000c0000000, 0x00000000c5080000, 0x00000000eab00000)
  object space 82432K, 52% used [0x00000000c0000000,0x00000000c2a4d080,0x00000000c5080000)
 Metaspace       used 53042K, capacity 54966K, committed 56064K, reserved 1097728K
  class space    used 7016K, capacity 7350K, committed 7680K, reserved 1048576K
}
Event: 2236.660 GC heap before
{Heap before GC invocations=21 (full 6):
 PSYoungGen      total 276480K, used 155545K [0x00000000eab00000, 0x00000000fd000000, 0x0000000100000000)
  eden space 252928K, 61% used [0x00000000eab00000,0x00000000f42e6410,0x00000000fa200000)
  from space 23552K, 0% used [0x00000000fb900000,0x00000000fb900000,0x00000000fd000000)
  to   space 23552K, 0% used [0x00000000fa200000,0x00000000fa200000,0x00000000fb900000)
 ParOldGen       total 82432K, used 43316K [0x00000000c0000000, 0x00000000c5080000, 0x00000000eab00000)
  object space 82432K, 52% used [0x00000000c0000000,0x00000000c2a4d080,0x00000000c5080000)
 Metaspace       used 53462K, capacity 55594K, committed 56320K, reserved 1097728K
  class space    used 7043K, capacity 7393K, committed 7680K, reserved 1048576K
Event: 2236.663 GC heap after
Heap after GC invocations=21 (full 6):
 PSYoungGen      total 276480K, used 1663K [0x00000000eab00000, 0x00000000fd000000, 0x0000000100000000)
  eden space 252928K, 0% used [0x00000000eab00000,0x00000000eab00000,0x00000000fa200000)
  from space 23552K, 7% used [0x00000000fa200000,0x00000000fa39fc50,0x00000000fb900000)
  to   space 23552K, 0% used [0x00000000fb900000,0x00000000fb900000,0x00000000fd000000)
 ParOldGen       total 82432K, used 43324K [0x00000000c0000000, 0x00000000c5080000, 0x00000000eab00000)
  object space 82432K, 52% used [0x00000000c0000000,0x00000000c2a4f080,0x00000000c5080000)
 Metaspace       used 53462K, capacity 55594K, committed 56320K, reserved 1097728K
  class space    used 7043K, capacity 7393K, committed 7680K, reserved 1048576K
}
Event: 2236.663 GC heap before
{Heap before GC invocations=22 (full 7):
 PSYoungGen      total 276480K, used 1663K [0x00000000eab00000, 0x00000000fd000000, 0x0000000100000000)
  eden space 252928K, 0% used [0x00000000eab00000,0x00000000eab00000,0x00000000fa200000)
  from space 23552K, 7% used [0x00000000fa200000,0x00000000fa39fc50,0x00000000fb900000)
  to   space 23552K, 0% used [0x00000000fb900000,0x00000000fb900000,0x00000000fd000000)
 ParOldGen       total 82432K, used 43324K [0x00000000c0000000, 0x00000000c5080000, 0x00000000eab00000)
  object space 82432K, 52% used [0x00000000c0000000,0x00000000c2a4f080,0x00000000c5080000)
 Metaspace       used 53462K, capacity 55594K, committed 56320K, reserved 1097728K
  class space    used 7043K, capacity 7393K, committed 7680K, reserved 1048576K
Event: 2236.884 GC heap after
Heap after GC invocations=22 (full 7):
 PSYoungGen      total 276480K, used 0K [0x00000000eab00000, 0x00000000fd000000, 0x0000000100000000)
  eden space 252928K, 0% used [0x00000000eab00000,0x00000000eab00000,0x00000000fa200000)
  from space 23552K, 0% used [0x00000000fa200000,0x00000000fa200000,0x00000000fb900000)
  to   space 23552K, 0% used [0x00000000fb900000,0x00000000fb900000,0x00000000fd000000)
 ParOldGen       total 82432K, used 43477K [0x00000000c0000000, 0x00000000c5080000, 0x00000000eab00000)
  object space 82432K, 52% used [0x00000000c0000000,0x00000000c2a757b8,0x00000000c5080000)
 Metaspace       used 53462K, capacity 55594K, committed 56320K, reserved 1097728K
  class space    used 7043K, capacity 7393K, committed 7680K, reserved 1048576K
}
Event: 2535.463 GC heap before
{Heap before GC invocations=23 (full 7):
 PSYoungGen      total 276480K, used 153780K [0x00000000eab00000, 0x00000000fd000000, 0x0000000100000000)
  eden space 252928K, 60% used [0x00000000eab00000,0x00000000f412d2e0,0x00000000fa200000)
  from space 23552K, 0% used [0x00000000fa200000,0x00000000fa200000,0x00000000fb900000)
  to   space 23552K, 0% used [0x00000000fb900000,0x00000000fb900000,0x00000000fd000000)
 ParOldGen       total 82432K, used 43477K [0x00000000c0000000, 0x00000000c5080000, 0x00000000eab00000)
  object space 82432K, 52% used [0x00000000c0000000,0x00000000c2a757b8,0x00000000c5080000)
 Metaspace       used 53829K, capacity 56034K, committed 56576K, reserved 1097728K
  class space    used 7074K, capacity 7474K, committed 7680K, reserved 1048576K
Event: 2535.468 GC heap after
Heap after GC invocations=23 (full 7):
 PSYoungGen      total 275456K, used 1631K [0x00000000eab00000, 0x00000000fcf00000, 0x0000000100000000)
  eden space 252928K, 0% used [0x00000000eab00000,0x00000000eab00000,0x00000000fa200000)
  from space 22528K, 7% used [0x00000000fb900000,0x00000000fba97c50,0x00000000fcf00000)
  to   space 23040K, 0% used [0x00000000fa200000,0x00000000fa200000,0x00000000fb880000)
 ParOldGen       total 82432K, used 43485K [0x00000000c0000000, 0x00000000c5080000, 0x00000000eab00000)
  object space 82432K, 52% used [0x00000000c0000000,0x00000000c2a777b8,0x00000000c5080000)
 Metaspace       used 53829K, capacity 56034K, committed 56576K, reserved 1097728K
  class space    used 7074K, capacity 7474K, committed 7680K, reserved 1048576K
}
Event: 2535.468 GC heap before
{Heap before GC invocations=24 (full 8):
 PSYoungGen      total 275456K, used 1631K [0x00000000eab00000, 0x00000000fcf00000, 0x0000000100000000)
  eden space 252928K, 0% used [0x00000000eab00000,0x00000000eab00000,0x00000000fa200000)
  from space 22528K, 7% used [0x00000000fb900000,0x00000000fba97c50,0x00000000fcf00000)
  to   space 23040K, 0% used [0x00000000fa200000,0x00000000fa200000,0x00000000fb880000)
 ParOldGen       total 82432K, used 43485K [0x00000000c0000000, 0x00000000c5080000, 0x00000000eab00000)
  object space 82432K, 52% used [0x00000000c0000000,0x00000000c2a777b8,0x00000000c5080000)
 Metaspace       used 53829K, capacity 56034K, committed 56576K, reserved 1097728K
  class space    used 7074K, capacity 7474K, committed 7680K, reserved 1048576K
Event: 2535.698 GC heap after
Heap after GC invocations=24 (full 8):
 PSYoungGen      total 275456K, used 0K [0x00000000eab00000, 0x00000000fcf00000, 0x0000000100000000)
  eden space 252928K, 0% used [0x00000000eab00000,0x00000000eab00000,0x00000000fa200000)
  from space 22528K, 0% used [0x00000000fb900000,0x00000000fb900000,0x00000000fcf00000)
  to   space 23040K, 0% used [0x00000000fa200000,0x00000000fa200000,0x00000000fb880000)
 ParOldGen       total 82432K, used 43647K [0x00000000c0000000, 0x00000000c5080000, 0x00000000eab00000)
  object space 82432K, 52% used [0x00000000c0000000,0x00000000c2a9fe80,0x00000000c5080000)
 Metaspace       used 53829K, capacity 56034K, committed 56576K, reserved 1097728K
  class space    used 7074K, capacity 7474K, committed 7680K, reserved 1048576K
}

