# JRE version: Java(TM) SE Runtime Environment (8.0_25-b18) (build 1.8.0_25-b18)
# Java VM: Java HotSpot(TM) 64-Bit Server VM (25.25-b02 mixed mode windows-amd64 compressed oops)
Heap:
 PSYoungGen      total 325120K, used 159160K [0x00000000eab00000, 0x0000000100000000, 0x0000000100000000)
  eden space 300544K, 52% used [0x00000000eab00000,0x00000000f466e028,0x00000000fd080000)
  from space 24576K, 0% used [0x00000000fe800000,0x00000000fe800000,0x0000000100000000)
  to   space 24064K, 0% used [0x00000000fd080000,0x00000000fd080000,0x00000000fe800000)
 ParOldGen       total 87552K, used 40952K [0x00000000c0000000, 0x00000000c5580000, 0x00000000eab00000)
  object space 87552K, 46% used [0x00000000c0000000,0x00000000c27fe0d0,0x00000000c5580000)
 Metaspace       used 57666K, capacity 60838K, committed 63104K, reserved 1103872K
  class space    used 7488K, capacity 7869K, committed 8576K, reserved 1048576K
GC Heap History (10 events):
Event: 1950.062 GC heap before
{Heap before GC invocations=26 (full 8):
 PSYoungGen      total 324096K, used 11680K [0x00000000eab00000, 0x0000000100000000, 0x0000000100000000)
  eden space 298496K, 0% used [0x00000000eab00000,0x00000000eab00000,0x00000000fce80000)
  from space 25600K, 45% used [0x00000000fe700000,0x00000000ff268020,0x0000000100000000)
  to   space 25088K, 0% used [0x00000000fce80000,0x00000000fce80000,0x00000000fe700000)
 ParOldGen       total 87552K, used 27811K [0x00000000c0000000, 0x00000000c5580000, 0x00000000eab00000)
  object space 87552K, 31% used [0x00000000c0000000,0x00000000c1b28f80,0x00000000c5580000)
 Metaspace       used 56492K, capacity 58630K, committed 62336K, reserved 1103872K
  class space    used 7339K, capacity 7628K, committed 8576K, reserved 1048576K
Event: 1950.418 GC heap after
Heap after GC invocations=26 (full 8):
 PSYoungGen      total 324096K, used 0K [0x00000000eab00000, 0x0000000100000000, 0x0000000100000000)
  eden space 298496K, 0% used [0x00000000eab00000,0x00000000eab00000,0x00000000fce80000)
  from space 25600K, 0% used [0x00000000fe700000,0x00000000fe700000,0x0000000100000000)
  to   space 25088K, 0% used [0x00000000fce80000,0x00000000fce80000,0x00000000fe700000)
 ParOldGen       total 87552K, used 37259K [0x00000000c0000000, 0x00000000c5580000, 0x00000000eab00000)
  object space 87552K, 42% used [0x00000000c0000000,0x00000000c2462d60,0x00000000c5580000)
 Metaspace       used 56492K, capacity 58630K, committed 62336K, reserved 1103872K
  class space    used 7339K, capacity 7628K, committed 8576K, reserved 1048576K
}
Event: 2079.493 GC heap before
{Heap before GC invocations=27 (full 8):
 PSYoungGen      total 324096K, used 257792K [0x00000000eab00000, 0x0000000100000000, 0x0000000100000000)
  eden space 298496K, 86% used [0x00000000eab00000,0x00000000fa6c03c0,0x00000000fce80000)
  from space 25600K, 0% used [0x00000000fe700000,0x00000000fe700000,0x0000000100000000)
  to   space 25088K, 0% used [0x00000000fce80000,0x00000000fce80000,0x00000000fe700000)
 ParOldGen       total 87552K, used 37259K [0x00000000c0000000, 0x00000000c5580000, 0x00000000eab00000)
  object space 87552K, 42% used [0x00000000c0000000,0x00000000c2462d60,0x00000000c5580000)
 Metaspace       used 56958K, capacity 59382K, committed 62592K, reserved 1103872K
  class space    used 7383K, capacity 7694K, committed 8576K, reserved 1048576K
Event: 2079.497 GC heap after
Heap after GC invocations=27 (full 8):
 PSYoungGen      total 323584K, used 2727K [0x00000000eab00000, 0x0000000100000000, 0x0000000100000000)
  eden space 298496K, 0% used [0x00000000eab00000,0x00000000eab00000,0x00000000fce80000)
  from space 25088K, 10% used [0x00000000fce80000,0x00000000fd129e50,0x00000000fe700000)
  to   space 24576K, 0% used [0x00000000fe800000,0x00000000fe800000,0x0000000100000000)
 ParOldGen       total 87552K, used 37267K [0x00000000c0000000, 0x00000000c5580000, 0x00000000eab00000)
  object space 87552K, 42% used [0x00000000c0000000,0x00000000c2464d60,0x00000000c5580000)
 Metaspace       used 56958K, capacity 59382K, committed 62592K, reserved 1103872K
  class space    used 7383K, capacity 7694K, committed 8576K, reserved 1048576K
}
Event: 2079.497 GC heap before
{Heap before GC invocations=28 (full 9):
 PSYoungGen      total 323584K, used 2727K [0x00000000eab00000, 0x0000000100000000, 0x0000000100000000)
  eden space 298496K, 0% used [0x00000000eab00000,0x00000000eab00000,0x00000000fce80000)
  from space 25088K, 10% used [0x00000000fce80000,0x00000000fd129e50,0x00000000fe700000)
  to   space 24576K, 0% used [0x00000000fe800000,0x00000000fe800000,0x0000000100000000)
 ParOldGen       total 87552K, used 37267K [0x00000000c0000000, 0x00000000c5580000, 0x00000000eab00000)
  object space 87552K, 42% used [0x00000000c0000000,0x00000000c2464d60,0x00000000c5580000)
 Metaspace       used 56958K, capacity 59382K, committed 62592K, reserved 1103872K
  class space    used 7383K, capacity 7694K, committed 8576K, reserved 1048576K
Event: 2079.795 GC heap after
Heap after GC invocations=28 (full 9):
 PSYoungGen      total 323584K, used 0K [0x00000000eab00000, 0x0000000100000000, 0x0000000100000000)
  eden space 298496K, 0% used [0x00000000eab00000,0x00000000eab00000,0x00000000fce80000)
  from space 25088K, 0% used [0x00000000fce80000,0x00000000fce80000,0x00000000fe700000)
  to   space 24576K, 0% used [0x00000000fe800000,0x00000000fe800000,0x0000000100000000)
 ParOldGen       total 87552K, used 39129K [0x00000000c0000000, 0x00000000c5580000, 0x00000000eab00000)
  object space 87552K, 44% used [0x00000000c0000000,0x00000000c2636580,0x00000000c5580000)
 Metaspace       used 56958K, capacity 59382K, committed 62592K, reserved 1103872K
  class space    used 7383K, capacity 7694K, committed 8576K, reserved 1048576K
}
Event: 2237.853 GC heap before
{Heap before GC invocations=29 (full 9):
 PSYoungGen      total 323584K, used 120550K [0x00000000eab00000, 0x0000000100000000, 0x0000000100000000)
  eden space 298496K, 40% used [0x00000000eab00000,0x00000000f20b9ad0,0x00000000fce80000)
  from space 25088K, 0% used [0x00000000fce80000,0x00000000fce80000,0x00000000fe700000)
  to   space 24576K, 0% used [0x00000000fe800000,0x00000000fe800000,0x0000000100000000)
 ParOldGen       total 87552K, used 39129K [0x00000000c0000000, 0x00000000c5580000, 0x00000000eab00000)
  object space 87552K, 44% used [0x00000000c0000000,0x00000000c2636580,0x00000000c5580000)
 Metaspace       used 57236K, capacity 59914K, committed 62848K, reserved 1103872K
  class space    used 7419K, capacity 7753K, committed 8576K, reserved 1048576K
Event: 2237.860 GC heap after
Heap after GC invocations=29 (full 9):
 PSYoungGen      total 325120K, used 3807K [0x00000000eab00000, 0x0000000100000000, 0x0000000100000000)
  eden space 300544K, 0% used [0x00000000eab00000,0x00000000eab00000,0x00000000fd080000)
  from space 24576K, 15% used [0x00000000fe800000,0x00000000febb7c50,0x0000000100000000)
  to   space 24064K, 0% used [0x00000000fd080000,0x00000000fd080000,0x00000000fe800000)
 ParOldGen       total 87552K, used 39137K [0x00000000c0000000, 0x00000000c5580000, 0x00000000eab00000)
  object space 87552K, 44% used [0x00000000c0000000,0x00000000c2638580,0x00000000c5580000)
 Metaspace       used 57236K, capacity 59914K, committed 62848K, reserved 1103872K
  class space    used 7419K, capacity 7753K, committed 8576K, reserved 1048576K
}
Event: 2237.860 GC heap before
{Heap before GC invocations=30 (full 10):
 PSYoungGen      total 325120K, used 3807K [0x00000000eab00000, 0x0000000100000000, 0x0000000100000000)
  eden space 300544K, 0% used [0x00000000eab00000,0x00000000eab00000,0x00000000fd080000)
  from space 24576K, 15% used [0x00000000fe800000,0x00000000febb7c50,0x0000000100000000)
  to   space 24064K, 0% used [0x00000000fd080000,0x00000000fd080000,0x00000000fe800000)
 ParOldGen       total 87552K, used 39137K [0x00000000c0000000, 0x00000000c5580000, 0x00000000eab00000)
  object space 87552K, 44% used [0x00000000c0000000,0x00000000c2638580,0x00000000c5580000)
 Metaspace       used 57236K, capacity 59914K, committed 62848K, reserved 1103872K
  class space    used 7419K, capacity 7753K, committed 8576K, reserved 1048576K
Event: 2238.148 GC heap after
Heap after GC invocations=30 (full 10):
 PSYoungGen      total 325120K, used 0K [0x00000000eab00000, 0x0000000100000000, 0x0000000100000000)
  eden space 300544K, 0% used [0x00000000eab00000,0x00000000eab00000,0x00000000fd080000)
  from space 24576K, 0% used [0x00000000fe800000,0x00000000fe800000,0x0000000100000000)
  to   space 24064K, 0% used [0x00000000fd080000,0x00000000fd080000,0x00000000fe800000)
 ParOldGen       total 87552K, used 40952K [0x00000000c0000000, 0x00000000c5580000, 0x00000000eab00000)
  object space 87552K, 46% used [0x00000000c0000000,0x00000000c27fe0d0,0x00000000c5580000)
 Metaspace       used 57236K, capacity 59914K, committed 62848K, reserved 1103872K
  class space    used 7419K, capacity 7753K, committed 8576K, reserved 1048576K
}

